C51 COMPILER V9.00   UART0_ID_ROSC                                                         12/21/2016 17:32:16 PAGE 1   


C51 COMPILER V9.00, COMPILATION OF MODULE UART0_ID_ROSC
OBJECT MODULE PLACED IN UART0_ID-Rosc.OBJ
COMPILER INVOKED BY: C:\Keil\C51\BIN\C51.EXE UART0_ID-Rosc.c LARGE BROWSE DEBUG OBJECTEXTEND

line level    source

   1          
   2          /*------------------------------------------------------------------*/
   3          /* --- STC MCU International Limited -------------------------------*/
   4          /* --- STC 1T Series MCU Programme Demo ----------------------------*/
   5          /* --- Fax: 86-755-82944243 ----------------------------------------*/
   6          /* --- Tel: 86-755-82948412 ----------------------------------------*/
   7          /* --- Web: www.STCMCU.com -----------------------------------------*/
   8          /* If you want to use the program or the program referenced in the  */
   9          /* article, please specify in which data and procedures from STC    */
  10          /*------------------------------------------------------------------*/
  11          
  12          /*      本程序经过测试完全正常, 不提供电话技术支持, 如不能理解, 请自行补充相关基础.  */
  13          
  14          
  15          /*************  本程序功能说明  **************
  16                  测试方法：
  17                  根据您的主时钟和波特率修改下面的相关定义，编译后下载到MCU。
  18                  通过串口助手向MCU发送数据，MCU收到后原样返回。
  19                  发单个字符'i'，将返回唯一ID号。
  20                  发单个字符'r'，将返回内部震荡频率。
  21          */
  22          
  23           #include "stdio.h"
  24           #include "stdlib.h"
  25           #include "string.h"
  26          // #include "cstdlib.h"
  27          /*************** 用户定义参数 *****************************/
  28          
  29          #define MAIN_Fosc       11059200L       //22118400L     //define main clock
  30          
  31          #define Baudrate0               115200//9600//9600              //define the baudrate,
  32                                                                                  //12T mode: 600~115200 for 22.1184MHZ, 300~57600 for 11.0592MHZ
  33                                                                                  //1T  mode: 7200~1382400 for 22.1184MHZ, 3600~691200 for 11.0592MHZ
  34          
  35          /**********************************************************/
  36          
  37          
  38          #include        <reg51.h>
  39          
  40          sfr     AUXR = 0x8E;
  41          
  42          bit             B_TI;
  43          
  44          unsigned char id[7];
  45          unsigned long Rosc,RoscZ;
  46          unsigned char Command;
  47          
  48          void    uart0_init(void);
  49          
  50          
  51          /****************** 编译器自动生成，用户请勿修改 ************************************/
  52          
  53          //#define T1_TimerReload                (256 - MAIN_Fosc / 192 / Baudrate0)             //Calculate the timer1 reload value     at 12T 
             -mode
  54          #define T1_TimerReload  (256 - MAIN_Fosc / 16 / Baudrate0)              //Calculate the timer1 reload value ar 1T mode
C51 COMPILER V9.00   UART0_ID_ROSC                                                         12/21/2016 17:32:16 PAGE 2   

  55          
  56          /**********************************************************/
  57          
  58          void    TxByte(unsigned char dat);
  59          unsigned char HEX2DEC(unsigned char dat);
  60          void    PrintStrings(unsigned char  *sts);
  61          
  62           #define name_to_str(name)  (#name)
  63          
  64          
  65          
  66            char *pstr[256]={"00","01","02","03","04","05","06","07","08","09","10","11","12","13","14","15","16","1
             -7","18","19",        
  67                                                          "20","21","22","23","24","25","26","27","28","29","30","31","32","33","34","35","36","37","38","39",
  68                                                          "40","41","42","43","44","45","46","47","48","49","50","51","52","53","54","55","56","57","58","59",
  69                                                          "60","61","62","63","64","65","66","67","68","69","70","71","72","73","74","75","76","77","78","79",
  70                                                          "80","81","82","83","84","85","86","87","88","89","90","91","92","93","94","95","96","97","98","99",
             -        
  71                                                          "100","101","102","103","104","105","106","107","108","109","110","111","112","113","114","115","116
             -",
  72                                                          "117","118","119","120","121","122","123","124","125","126","127","128","129","130","131","132","133
             -",
  73                                                          "134","135","136","137","138","139","140","141","142","143","144","145","146","147","148","149","150
             -",
  74                                                          "151","152","153","154","155","156","157","158","159","160","161","162","163","164","165","166","167
             -",
  75                                                          "168","169","170","171","172","173","174","175","176","177","178","179","180","181","182","183","184
             -",
  76                                                          "185","186","187","188","189","190","191","192","193","194","195","196","197","198","199","200","201
             -",
  77                                                          "202","203","204","205","206","207","208","209","210","211","212","213","214","215","216","217","218
             -",
  78                                                          "219","220","221","222","223","224","225","226","227","228","229","230","231","232","233","234","235
             -",
  79                                                          "236","237","238","239","240","241","242","243","244","245","246","247","248","249","250","251","252
             -",
  80                                                          "253","254","255",};
  81          
  82          
  83          void    main(void)
  84          {
  85   1              unsigned char i;
  86   1              unsigned int  j;
  87   1              unsigned char idata *p;
  88   1              char cmd[128]={0};
  89   1              unsigned char x=100;
  90   1              unsigned char y=40;
  91   1              unsigned char tdata=10;
  92   1              int number=1234;
  93   1      //      char cmd[25];
  94   1              char ch[3];
  95   1              int k=345;
  96   1      
  97   1              p = 0xf1;
  98   1              for(i=0; i<7; i++)
  99   1              {
 100   2                      id[i] = *p;
 101   2                      p++;
 102   2              }
 103   1              
 104   1              Rosc = 0;
 105   1              for(p=0xf8; p<=0xfb; p++)       Rosc = (Rosc << 8) + *p;
C51 COMPILER V9.00   UART0_ID_ROSC                                                         12/21/2016 17:32:16 PAGE 3   

 106   1              RoscZ = 0;
 107   1              for(p=0xfc; p>0; p++)   RoscZ = (RoscZ << 8) + *p;
 108   1              
 109   1              uart0_init();
 110   1              PrintStrings("CLR(1);DCV24(10,10,'尚视界科技有限公司',3);\r\n");
 111   1      
 112   1              for(i=0;i<255;i++) 
 113   1              {
 114   2              sprintf(cmd,"DCV32(%2d,%2d,\'%s\',3);\r\n",(int)x,(int)y,(char* )pstr[i]);
 115   2              PrintStrings(cmd);
 116   2                      for(j=0;j<16000;j++);
 117   2              
 118   2              }
 119   1      //       PrintStrings(ch);
 120   1              
 121   1      
 122   1              
 123   1      }
*** WARNING C280 IN LINE 94 OF UART0_ID-ROSC.C: 'ch': unreferenced local variable
 124          
 125          
 126          unsigned char HEX2DEC(unsigned char dat)
 127          {
 128   1              dat &= 0x0f;
 129   1              if(dat <= 9)    return (dat+'0');
 130   1              else                    return (dat+55);
 131   1      }
 132          
 133          void TxByte(unsigned char dat)
 134          {
 135   1              B_TI = 0;
 136   1              SBUF = dat;
 137   1              while(!B_TI)    ;
 138   1              B_TI = 0;
 139   1      }
 140          
 141          /**********************************************/
 142          void    PrintStrings(unsigned char  *sts)
 143          {
 144   1          for (; *sts != 0; sts++)    TxByte(*sts);
 145   1      }
 146          
 147          void    uart0_init(void)
 148          {
 149   1              PCON |= 0x80;           //UART0 Double Rate Enable
 150   1              SCON = 0x50;            //UART0 set as 10bit , UART0 RX enable
 151   1      //      TMOD &= ~(1<<6);                //Timer1 Set as Timer, 12T
 152   1              TMOD = (TMOD & ~0x30) | 0x20;   //Timer1 set as 8 bits auto relaod
 153   1              AUXR |=  (1<<6);                //Timer1 set as 1T mode
 154   1              TH1 = T1_TimerReload;           //Load the timer
 155   1              TR1  = 1;
 156   1              ES  = 1;
 157   1              EA = 1;
 158   1      }
 159          
 160          
 161          /**********************************************/
 162          void UART0_RCV (void) interrupt 4
 163          {
 164   1              if(RI)
 165   1              {
 166   2                      RI = 0;
C51 COMPILER V9.00   UART0_ID_ROSC                                                         12/21/2016 17:32:16 PAGE 4   

 167   2                      Command = SBUF;
 168   2              }
 169   1      
 170   1              if(TI)
 171   1              {
 172   2                      TI = 0;
 173   2                      B_TI = 1;
 174   2              }
 175   1      }


MODULE INFORMATION:   STATIC OVERLAYABLE
   CODE SIZE        =    531    ----
   CONSTANT SIZE    =   1123    ----
   XDATA SIZE       =    784     140
   PDATA SIZE       =   ----    ----
   DATA SIZE        =   ----    ----
   IDATA SIZE       =   ----    ----
   BIT SIZE         =      1    ----
END OF MODULE INFORMATION.


C51 COMPILATION COMPLETE.  1 WARNING(S),  0 ERROR(S)
